##############################################################################################################
#
# Rosetta crash log. Please submit the contents of this file to http://crash.rosettacommons.org/
# or use the script Rosetta/main/source/scripts/python/public/report_crashes.py
#

[START_CRASH_REPORT]
[ROSETTA_VERSION]: 2021.16+release.8ee4f02
[COMMIT_DATE]: 2021-04-20T20:57:38.289184
[APPLICATION]: /dors/meilerlab/apps/rosetta/rosetta-3.13/main//source/bin/rosetta_scripts.linuxgccrelease
[MODE]: Release
[EXTRAS]: default
[OS]: GNU/Linux
[COMPILER]: GCC version "5.2.0"
[STDLIB]: libstdc++ version 20150716
[START_OPTIONS]
 -in:file -in:file:s=relaxed.pdb -in:file:extra_res_fa=/home/jurichc/projects/EnzyRCD/kinetic-dataset/1BX4_WT/work_dir/L01.params /home/jurichc/projects/EnzyRCD/kinetic-dataset/1BX4_WT/work_dir/L02.params -out -out:overwrite -out:nstruct=10 -out:level=200 -out:file:scorefile=score.sc -out:path:all=./complexes/ -out:path= -run:preserve_header -parser -parser:protocol=/home/jurichc/projects/EnzyRCD/xmls/lig_dock2.xml -packing -packing:ignore_ligand_chi -packing:no_optH=false -packing:flip_HNQ -packing:ex1 -packing:ex2 -packing:ex2aro -enzdes -enzdes:cstfile=/home/jurichc/projects/EnzyRCD/kinetic-dataset/1BX4_WT/RDock.cst

[END_OPTIONS]

[START_BACKTRACE]: RAW_LIBC
/dors/meilerlab/apps/rosetta/rosetta-3.13/main/source/build/src/release/linux/3.10/64/x86/gcc/5.2/default/libutility.so(backtrace_string[abi:cxx11](int)+0x43) [0x2b74e8a3a513]
/dors/meilerlab/apps/rosetta/rosetta-3.13/main/source/build/src/release/linux/3.10/64/x86/gcc/5.2/default/libutility.so(utility::excn::Exception::Exception(char const*, int, std::__cxx11::basic_string<char, std::char_traits<char>, std::allocator<char> > const&)+0xdf) [0x2b74e8a39bcf]
/dors/meilerlab/apps/rosetta/rosetta-3.13/main/source/build/src/release/linux/3.10/64/x86/gcc/5.2/default/libutility.so(utility::UtilityExitException::UtilityExitException(char const*, int, std::__cxx11::basic_string<char, std::char_traits<char>, std::allocator<char> > const&)+0xfc) [0x2b74e8ae1d6c]
/dors/meilerlab/apps/rosetta/rosetta-3.13/main/source/build/src/release/linux/3.10/64/x86/gcc/5.2/default/libutility.so(utility::exit(char const*, int, std::__cxx11::basic_string<char, std::char_traits<char>, std::allocator<char> > const&, int)+0x36) [0x2b74e8ae1b36]
/dors/meilerlab/apps/rosetta/rosetta-3.13/main/source/build/src/release/linux/3.10/64/x86/gcc/5.2/default/libcore.6.so(core::import_pose::pose_from_file(core::pose::Pose&, core::chemical::ResidueTypeSet const&, std::__cxx11::basic_string<char, std::char_traits<char>, std::allocator<char> > const&, core::import_pose::ImportPoseOptions const&, bool, core::import_pose::FileType)+0x381) [0x2b74e2cf9441]
/dors/meilerlab/apps/rosetta/rosetta-3.13/main/source/build/src/release/linux/3.10/64/x86/gcc/5.2/default/libcore.6.so(core::import_pose::pose_from_file(core::pose::Pose&, std::__cxx11::basic_string<char, std::char_traits<char>, std::allocator<char> > const&, core::import_pose::ImportPoseOptions const&, bool, core::import_pose::FileType)+0xc5) [0x2b74e2cfdc25]
/dors/meilerlab/apps/rosetta/rosetta-3.13/main/source/build/src/release/linux/3.10/64/x86/gcc/5.2/default/libcore.6.so(core::import_pose::pose_from_file(core::pose::Pose&, std::__cxx11::basic_string<char, std::char_traits<char>, std::allocator<char> > const&, bool, core::import_pose::FileType)+0x3a) [0x2b74e2cfdd2a]
/dors/meilerlab/apps/rosetta/rosetta-3.13/main/source/build/src/release/linux/3.10/64/x86/gcc/5.2/default/libprotocols.1.so(protocols::jd2::PDBJobInputter::pose_from_job(core::pose::Pose&, std::shared_ptr<protocols::jd2::Job>)+0x942) [0x2b74e2686472]
/dors/meilerlab/apps/rosetta/rosetta-3.13/main/source/build/src/release/linux/3.10/64/x86/gcc/5.2/default/libprotocols.1.so(protocols::jd2::JobDistributor::run_one_job(std::shared_ptr<protocols::moves::Mover>&, long, std::__cxx11::basic_string<char, std::char_traits<char>, std::allocator<char> >&, std::__cxx11::basic_string<char, std::char_traits<char>, std::allocator<char> >&, unsigned long&, unsigned long&, bool)+0x827) [0x2b74e2648417]
/dors/meilerlab/apps/rosetta/rosetta-3.13/main/source/build/src/release/linux/3.10/64/x86/gcc/5.2/default/libprotocols.1.so(protocols::jd2::JobDistributor::go_main(std::shared_ptr<protocols::moves::Mover>)+0x156) [0x2b74e264a996]
/dors/meilerlab/apps/rosetta/rosetta-3.13/main/source/build/src/release/linux/3.10/64/x86/gcc/5.2/default/libprotocols.1.so(protocols::jd2::FileSystemJobDistributor::go(std::shared_ptr<protocols::moves::Mover>)+0x47) [0x2b74e2630837]
/dors/meilerlab/apps/rosetta/rosetta-3.13/main//source/bin/rosetta_scripts.linuxgccrelease() [0x404612]
/lib64/libc.so.6(__libc_start_main+0xf5) [0x2b74eba33555]
/dors/meilerlab/apps/rosetta/rosetta-3.13/main//source/bin/rosetta_scripts.linuxgccrelease() [0x40492e]

[END_BACKTRACE]

[FILE]: src/core/import_pose/import_pose.cc
[LINE]: 362
[START_MESSAGE]
[ ERROR ] UtilityExitException
ERROR: Cannot open file "relaxed.pdb"



[END_MESSAGE]
[END_CRASH_REPORT]

