##############################################################################################################
#
# Rosetta crash log. Please submit the contents of this file to http://crash.rosettacommons.org/
# or use the script Rosetta/main/source/scripts/python/public/report_crashes.py
#

[START_CRASH_REPORT]
[ROSETTA_VERSION]: 2021.16+release.8ee4f02
[COMMIT_DATE]: 2021-04-20T20:57:38.289184
[APPLICATION]: /dors/meilerlab/apps/rosetta/rosetta-3.13/main//source/bin/score_jd2.default.linuxgccrelease
[MODE]: Release
[EXTRAS]: default
[OS]: GNU/Linux
[COMPILER]: GCC version "5.2.0"
[STDLIB]: libstdc++ version 20150716
[START_OPTIONS]
 -in:ignore_unrecognized_res -in:file:s=enzyme.pdb -out:overwrite -run:ignore_zero_occupancy

[END_OPTIONS]

[START_BACKTRACE]: RAW_LIBC
/dors/meilerlab/apps/rosetta/rosetta-3.13/main/source/build/src/release/linux/3.10/64/x86/gcc/5.2/default/libutility.so(backtrace_string[abi:cxx11](int)+0x43) [0x2ba9e3620513]
/dors/meilerlab/apps/rosetta/rosetta-3.13/main/source/build/src/release/linux/3.10/64/x86/gcc/5.2/default/libutility.so(utility::excn::Exception::Exception(char const*, int, std::__cxx11::basic_string<char, std::char_traits<char>, std::allocator<char> > const&)+0xdf) [0x2ba9e361fbcf]
/dors/meilerlab/apps/rosetta/rosetta-3.13/main/source/build/src/release/linux/3.10/64/x86/gcc/5.2/default/libutility.so(utility::UtilityExitException::UtilityExitException(char const*, int, std::__cxx11::basic_string<char, std::char_traits<char>, std::allocator<char> > const&)+0xfc) [0x2ba9e36c7d6c]
/dors/meilerlab/apps/rosetta/rosetta-3.13/main/source/build/src/release/linux/3.10/64/x86/gcc/5.2/default/libutility.so(utility::exit(char const*, int, std::__cxx11::basic_string<char, std::char_traits<char>, std::allocator<char> > const&, int)+0x36) [0x2ba9e36c7b36]
/dors/meilerlab/apps/rosetta/rosetta-3.13/main/source/build/src/release/linux/3.10/64/x86/gcc/5.2/default/libcore.4.so(core::energy_methods::RamaPreProEnergy::residue_pair_energy(core::conformation::Residue const&, core::conformation::Residue const&, core::pose::Pose const&, core::scoring::ScoreFunction const&, core::scoring::EMapVector&) const+0x81a) [0x2ba9df1662ba]
/dors/meilerlab/apps/rosetta/rosetta-3.13/main/source/build/src/release/linux/3.10/64/x86/gcc/5.2/default/libcore.3.so(core::scoring::ScoreFunction::asym_eval_long_range_twobody_energies(core::pose::Pose&) const+0x1ac) [0x2ba9e03d9b9c]
/dors/meilerlab/apps/rosetta/rosetta-3.13/main/source/build/src/release/linux/3.10/64/x86/gcc/5.2/default/libcore.3.so(core::scoring::ScoreFunction::operator()(core::pose::Pose&) const+0xde) [0x2ba9e03e300e]
/dors/meilerlab/apps/rosetta/rosetta-3.13/main/source/build/src/release/linux/3.10/64/x86/gcc/5.2/default/libcore.5.so(core::pack::pack_missing_sidechains(core::pose::Pose&, core::id::AtomID_Map<bool> const&)+0xad) [0x2ba9de1904dd]
/dors/meilerlab/apps/rosetta/rosetta-3.13/main/source/build/src/release/linux/3.10/64/x86/gcc/5.2/default/libcore.6.so(core::import_pose::build_pose_as_is2(std::shared_ptr<core::io::StructFileRep const>, core::pose::Pose&, core::chemical::ResidueTypeSet const&, core::id::AtomID_Map<bool>&, core::import_pose::ImportPoseOptions const&)+0x807) [0x2ba9dd8dece7]
/dors/meilerlab/apps/rosetta/rosetta-3.13/main/source/build/src/release/linux/3.10/64/x86/gcc/5.2/default/libcore.6.so(core::import_pose::build_pose_as_is(std::shared_ptr<core::io::StructFileRep>, core::pose::Pose&, core::chemical::ResidueTypeSet const&, core::import_pose::ImportPoseOptions const&)+0x144) [0x2ba9dd8dee44]
/dors/meilerlab/apps/rosetta/rosetta-3.13/main/source/build/src/release/linux/3.10/64/x86/gcc/5.2/default/libcore.6.so(core::import_pose::build_pose(std::shared_ptr<core::io::StructFileRep>, core::pose::Pose&, core::chemical::ResidueTypeSet const&, core::import_pose::ImportPoseOptions const&)+0x8a) [0x2ba9dd8def8a]
/dors/meilerlab/apps/rosetta/rosetta-3.13/main/source/build/src/release/linux/3.10/64/x86/gcc/5.2/default/libcore.6.so(core::import_pose::pose_from_file(core::pose::Pose&, core::chemical::ResidueTypeSet const&, std::__cxx11::basic_string<char, std::char_traits<char>, std::allocator<char> > const&, core::import_pose::ImportPoseOptions const&, bool, core::import_pose::FileType)+0x859) [0x2ba9dd8df919]
/dors/meilerlab/apps/rosetta/rosetta-3.13/main/source/build/src/release/linux/3.10/64/x86/gcc/5.2/default/libcore.6.so(core::import_pose::pose_from_file(core::pose::Pose&, std::__cxx11::basic_string<char, std::char_traits<char>, std::allocator<char> > const&, core::import_pose::ImportPoseOptions const&, bool, core::import_pose::FileType)+0xc5) [0x2ba9dd8e3c25]
/dors/meilerlab/apps/rosetta/rosetta-3.13/main/source/build/src/release/linux/3.10/64/x86/gcc/5.2/default/libcore.6.so(core::import_pose::pose_from_file(core::pose::Pose&, std::__cxx11::basic_string<char, std::char_traits<char>, std::allocator<char> > const&, bool, core::import_pose::FileType)+0x3a) [0x2ba9dd8e3d2a]
/dors/meilerlab/apps/rosetta/rosetta-3.13/main/source/build/src/release/linux/3.10/64/x86/gcc/5.2/default/libprotocols.1.so(protocols::jd2::PDBJobInputter::pose_from_job(core::pose::Pose&, std::shared_ptr<protocols::jd2::Job>)+0x942) [0x2ba9dd26c472]
/dors/meilerlab/apps/rosetta/rosetta-3.13/main/source/build/src/release/linux/3.10/64/x86/gcc/5.2/default/libprotocols.1.so(protocols::jd2::JobDistributor::run_one_job(std::shared_ptr<protocols::moves::Mover>&, long, std::__cxx11::basic_string<char, std::char_traits<char>, std::allocator<char> >&, std::__cxx11::basic_string<char, std::char_traits<char>, std::allocator<char> >&, unsigned long&, unsigned long&, bool)+0x827) [0x2ba9dd22e417]
/dors/meilerlab/apps/rosetta/rosetta-3.13/main/source/build/src/release/linux/3.10/64/x86/gcc/5.2/default/libprotocols.1.so(protocols::jd2::JobDistributor::go_main(std::shared_ptr<protocols::moves::Mover>)+0x156) [0x2ba9dd230996]
/dors/meilerlab/apps/rosetta/rosetta-3.13/main/source/build/src/release/linux/3.10/64/x86/gcc/5.2/default/libprotocols.1.so(protocols::jd2::FileSystemJobDistributor::go(std::shared_ptr<protocols::moves::Mover>)+0x47) [0x2ba9dd216837]
/dors/meilerlab/apps/rosetta/rosetta-3.13/main//source/bin/score_jd2.default.linuxgccrelease() [0x4076d6]
/lib64/libc.so.6(__libc_start_main+0xf5) [0x2ba9e6619555]
/dors/meilerlab/apps/rosetta/rosetta-3.13/main//source/bin/score_jd2.default.linuxgccrelease() [0x407c40]

[END_BACKTRACE]

[FILE]: src/core/energy_methods/RamaPreProEnergy.cc
[LINE]: 151
[START_MESSAGE]
[ ERROR ] UtilityExitException
ERROR: Error in core::scoring::methods::RamaPreProEnergy::residue_pair_energy(): The RamaPrePro term is incompatible with cyclic dipeptides (as is most of the rest of Rosetta).



[END_MESSAGE]
[END_CRASH_REPORT]

##############################################################################################################
#
# Rosetta crash log. Please submit the contents of this file to http://crash.rosettacommons.org/
# or use the script Rosetta/main/source/scripts/python/public/report_crashes.py
#

[START_CRASH_REPORT]
[ROSETTA_VERSION]: 2021.16+release.8ee4f02
[COMMIT_DATE]: 2021-04-20T20:57:38.289184
[APPLICATION]: /dors/meilerlab/apps/rosetta/rosetta-3.13/main//source/bin/score_jd2.default.linuxgccrelease
[MODE]: Release
[EXTRAS]: default
[OS]: GNU/Linux
[COMPILER]: GCC version "5.2.0"
[STDLIB]: libstdc++ version 20150716
[START_OPTIONS]
 -in:ignore_unrecognized_res -in:file:s=enzyme.pdb -out:overwrite -run:ignore_zero_occupancy

[END_OPTIONS]

[START_BACKTRACE]: RAW_LIBC
/dors/meilerlab/apps/rosetta/rosetta-3.13/main/source/build/src/release/linux/3.10/64/x86/gcc/5.2/default/libutility.so(backtrace_string[abi:cxx11](int)+0x43) [0x2abd5383f513]
/dors/meilerlab/apps/rosetta/rosetta-3.13/main/source/build/src/release/linux/3.10/64/x86/gcc/5.2/default/libutility.so(utility::excn::Exception::Exception(char const*, int, std::__cxx11::basic_string<char, std::char_traits<char>, std::allocator<char> > const&)+0xdf) [0x2abd5383ebcf]
/dors/meilerlab/apps/rosetta/rosetta-3.13/main/source/build/src/release/linux/3.10/64/x86/gcc/5.2/default/libutility.so(utility::UtilityExitException::UtilityExitException(char const*, int, std::__cxx11::basic_string<char, std::char_traits<char>, std::allocator<char> > const&)+0xfc) [0x2abd538e6d6c]
/dors/meilerlab/apps/rosetta/rosetta-3.13/main/source/build/src/release/linux/3.10/64/x86/gcc/5.2/default/libutility.so(utility::exit(char const*, int, std::__cxx11::basic_string<char, std::char_traits<char>, std::allocator<char> > const&, int)+0x36) [0x2abd538e6b36]
/dors/meilerlab/apps/rosetta/rosetta-3.13/main/source/build/src/release/linux/3.10/64/x86/gcc/5.2/default/libcore.4.so(core::energy_methods::RamaPreProEnergy::residue_pair_energy(core::conformation::Residue const&, core::conformation::Residue const&, core::pose::Pose const&, core::scoring::ScoreFunction const&, core::scoring::EMapVector&) const+0x81a) [0x2abd4f3852ba]
/dors/meilerlab/apps/rosetta/rosetta-3.13/main/source/build/src/release/linux/3.10/64/x86/gcc/5.2/default/libcore.3.so(core::scoring::ScoreFunction::asym_eval_long_range_twobody_energies(core::pose::Pose&) const+0x1ac) [0x2abd505f8b9c]
/dors/meilerlab/apps/rosetta/rosetta-3.13/main/source/build/src/release/linux/3.10/64/x86/gcc/5.2/default/libcore.3.so(core::scoring::ScoreFunction::operator()(core::pose::Pose&) const+0xde) [0x2abd5060200e]
/dors/meilerlab/apps/rosetta/rosetta-3.13/main/source/build/src/release/linux/3.10/64/x86/gcc/5.2/default/libcore.5.so(core::pack::pack_missing_sidechains(core::pose::Pose&, core::id::AtomID_Map<bool> const&)+0xad) [0x2abd4e3af4dd]
/dors/meilerlab/apps/rosetta/rosetta-3.13/main/source/build/src/release/linux/3.10/64/x86/gcc/5.2/default/libcore.6.so(core::import_pose::build_pose_as_is2(std::shared_ptr<core::io::StructFileRep const>, core::pose::Pose&, core::chemical::ResidueTypeSet const&, core::id::AtomID_Map<bool>&, core::import_pose::ImportPoseOptions const&)+0x807) [0x2abd4dafdce7]
/dors/meilerlab/apps/rosetta/rosetta-3.13/main/source/build/src/release/linux/3.10/64/x86/gcc/5.2/default/libcore.6.so(core::import_pose::build_pose_as_is(std::shared_ptr<core::io::StructFileRep>, core::pose::Pose&, core::chemical::ResidueTypeSet const&, core::import_pose::ImportPoseOptions const&)+0x144) [0x2abd4dafde44]
/dors/meilerlab/apps/rosetta/rosetta-3.13/main/source/build/src/release/linux/3.10/64/x86/gcc/5.2/default/libcore.6.so(core::import_pose::build_pose(std::shared_ptr<core::io::StructFileRep>, core::pose::Pose&, core::chemical::ResidueTypeSet const&, core::import_pose::ImportPoseOptions const&)+0x8a) [0x2abd4dafdf8a]
/dors/meilerlab/apps/rosetta/rosetta-3.13/main/source/build/src/release/linux/3.10/64/x86/gcc/5.2/default/libcore.6.so(core::import_pose::pose_from_file(core::pose::Pose&, core::chemical::ResidueTypeSet const&, std::__cxx11::basic_string<char, std::char_traits<char>, std::allocator<char> > const&, core::import_pose::ImportPoseOptions const&, bool, core::import_pose::FileType)+0x859) [0x2abd4dafe919]
/dors/meilerlab/apps/rosetta/rosetta-3.13/main/source/build/src/release/linux/3.10/64/x86/gcc/5.2/default/libcore.6.so(core::import_pose::pose_from_file(core::pose::Pose&, std::__cxx11::basic_string<char, std::char_traits<char>, std::allocator<char> > const&, core::import_pose::ImportPoseOptions const&, bool, core::import_pose::FileType)+0xc5) [0x2abd4db02c25]
/dors/meilerlab/apps/rosetta/rosetta-3.13/main/source/build/src/release/linux/3.10/64/x86/gcc/5.2/default/libcore.6.so(core::import_pose::pose_from_file(core::pose::Pose&, std::__cxx11::basic_string<char, std::char_traits<char>, std::allocator<char> > const&, bool, core::import_pose::FileType)+0x3a) [0x2abd4db02d2a]
/dors/meilerlab/apps/rosetta/rosetta-3.13/main/source/build/src/release/linux/3.10/64/x86/gcc/5.2/default/libprotocols.1.so(protocols::jd2::PDBJobInputter::pose_from_job(core::pose::Pose&, std::shared_ptr<protocols::jd2::Job>)+0x942) [0x2abd4d48b472]
/dors/meilerlab/apps/rosetta/rosetta-3.13/main/source/build/src/release/linux/3.10/64/x86/gcc/5.2/default/libprotocols.1.so(protocols::jd2::JobDistributor::run_one_job(std::shared_ptr<protocols::moves::Mover>&, long, std::__cxx11::basic_string<char, std::char_traits<char>, std::allocator<char> >&, std::__cxx11::basic_string<char, std::char_traits<char>, std::allocator<char> >&, unsigned long&, unsigned long&, bool)+0x827) [0x2abd4d44d417]
/dors/meilerlab/apps/rosetta/rosetta-3.13/main/source/build/src/release/linux/3.10/64/x86/gcc/5.2/default/libprotocols.1.so(protocols::jd2::JobDistributor::go_main(std::shared_ptr<protocols::moves::Mover>)+0x156) [0x2abd4d44f996]
/dors/meilerlab/apps/rosetta/rosetta-3.13/main/source/build/src/release/linux/3.10/64/x86/gcc/5.2/default/libprotocols.1.so(protocols::jd2::FileSystemJobDistributor::go(std::shared_ptr<protocols::moves::Mover>)+0x47) [0x2abd4d435837]
/dors/meilerlab/apps/rosetta/rosetta-3.13/main//source/bin/score_jd2.default.linuxgccrelease() [0x4076d6]
/lib64/libc.so.6(__libc_start_main+0xf5) [0x2abd56838555]
/dors/meilerlab/apps/rosetta/rosetta-3.13/main//source/bin/score_jd2.default.linuxgccrelease() [0x407c40]

[END_BACKTRACE]

[FILE]: src/core/energy_methods/RamaPreProEnergy.cc
[LINE]: 151
[START_MESSAGE]
[ ERROR ] UtilityExitException
ERROR: Error in core::scoring::methods::RamaPreProEnergy::residue_pair_energy(): The RamaPrePro term is incompatible with cyclic dipeptides (as is most of the rest of Rosetta).



[END_MESSAGE]
[END_CRASH_REPORT]

